2019-12-04 13:13:04,932 ERROR [main] - Statistics - Statistics file `C:\Users\TCMSARITAS\.scalaide\statistics` is corrupted. A new one is being created. Corrupted content was:

com.cedarsoftware.util.io.JsonIoException: error parsing JSON value
	at com.cedarsoftware.util.io.JsonReader.readObject(JsonReader.java:529)
	at com.cedarsoftware.util.io.JsonReader.jsonToJava(JsonReader.java:289)
	at com.cedarsoftware.util.io.JsonReader.jsonToJava(JsonReader.java:262)
	at org.scalaide.core.internal.statistics.Statistics.read(Statistics.scala:74)
	at org.scalaide.core.internal.statistics.Statistics.$anonfun$readStats$1(Statistics.scala:52)
	at org.scalaide.core.internal.statistics.Statistics.$anonfun$readStats$1$adapted(Statistics.scala:51)
	at org.scalaide.core.ScalaIdeDataStore$.$anonfun$validate$2(ScalaIdeDataStore.scala:59)
	at org.scalaide.util.eclipse.EclipseUtils$$anon$3.run(EclipseUtils.scala:230)
	at org.eclipse.core.runtime.SafeRunner.run(SafeRunner.java:42)
	at org.scalaide.util.eclipse.EclipseUtils$.withSafeRunner(EclipseUtils.scala:226)
	at org.scalaide.core.ScalaIdeDataStore$.validate(ScalaIdeDataStore.scala:59)
	at org.scalaide.core.internal.statistics.Statistics.readStats(Statistics.scala:51)
	at org.scalaide.core.internal.statistics.Statistics.<init>(Statistics.scala:30)
	at org.scalaide.core.internal.ScalaPlugin.stats$lzycompute(ScalaPlugin.scala:135)
	at org.scalaide.core.internal.ScalaPlugin.stats(ScalaPlugin.scala:135)
	at org.scalaide.core.internal.ScalaPlugin.statistics(ScalaPlugin.scala:138)
	at org.scalaide.core.internal.ScalaPlugin.start(ScalaPlugin.scala:109)
	at org.eclipse.osgi.internal.framework.BundleContextImpl$3.run(BundleContextImpl.java:779)
	at org.eclipse.osgi.internal.framework.BundleContextImpl$3.run(BundleContextImpl.java:1)
	at java.security.AccessController.doPrivileged(Native Method)
	at org.eclipse.osgi.internal.framework.BundleContextImpl.startActivator(BundleContextImpl.java:772)
	at org.eclipse.osgi.internal.framework.BundleContextImpl.start(BundleContextImpl.java:729)
	at org.eclipse.osgi.internal.framework.EquinoxBundle.startWorker0(EquinoxBundle.java:933)
	at org.eclipse.osgi.internal.framework.EquinoxBundle$EquinoxModule.startWorker(EquinoxBundle.java:309)
	at org.eclipse.osgi.container.Module.doStart(Module.java:581)
	at org.eclipse.osgi.container.Module.start(Module.java:449)
	at org.eclipse.osgi.framework.util.SecureAction.start(SecureAction.java:468)
	at org.eclipse.osgi.internal.hooks.EclipseLazyStarter.postFindLocalClass(EclipseLazyStarter.java:103)
	at org.eclipse.osgi.internal.loader.classpath.ClasspathManager.findLocalClass(ClasspathManager.java:529)
	at org.eclipse.osgi.internal.loader.ModuleClassLoader.findLocalClass(ModuleClassLoader.java:328)
	at org.eclipse.osgi.internal.loader.BundleLoader.findLocalClass(BundleLoader.java:368)
	at org.eclipse.osgi.internal.loader.BundleLoader.findClassInternal(BundleLoader.java:446)
	at org.eclipse.osgi.internal.loader.BundleLoader.findClass(BundleLoader.java:395)
	at org.eclipse.osgi.internal.loader.BundleLoader.findClass(BundleLoader.java:387)
	at org.eclipse.osgi.internal.loader.ModuleClassLoader.loadClass(ModuleClassLoader.java:150)
	at java.lang.ClassLoader.loadClass(Unknown Source)
	at org.eclipse.osgi.internal.framework.EquinoxBundle.loadClass(EquinoxBundle.java:564)
	at org.eclipse.core.internal.registry.osgi.RegistryStrategyOSGI.createExecutableExtension(RegistryStrategyOSGI.java:174)
	at org.eclipse.core.internal.registry.ExtensionRegistry.createExecutableExtension(ExtensionRegistry.java:905)
	at org.eclipse.core.internal.registry.ConfigurationElement.createExecutableExtension(ConfigurationElement.java:243)
	at org.eclipse.core.internal.registry.ConfigurationElementHandle.createExecutableExtension(ConfigurationElementHandle.java:55)
	at org.eclipse.ui.internal.registry.PerspectiveDescriptor.createFactory(PerspectiveDescriptor.java:75)
	at org.eclipse.ui.internal.WorkbenchPage.createPerspective(WorkbenchPage.java:4172)
	at org.eclipse.ui.internal.WorkbenchPage.setPerspective(WorkbenchPage.java:4081)
	at org.eclipse.ui.internal.WorkbenchWindow.setup(WorkbenchWindow.java:744)
	at sun.reflect.NativeMethodAccessorImpl.invoke0(Native Method)
	at sun.reflect.NativeMethodAccessorImpl.invoke(Unknown Source)
	at sun.reflect.DelegatingMethodAccessorImpl.invoke(Unknown Source)
	at java.lang.reflect.Method.invoke(Unknown Source)
	at org.eclipse.e4.core.internal.di.MethodRequestor.execute(MethodRequestor.java:55)
	at org.eclipse.e4.core.internal.di.InjectorImpl.processAnnotated(InjectorImpl.java:990)
	at org.eclipse.e4.core.internal.di.InjectorImpl.inject(InjectorImpl.java:124)
	at org.eclipse.e4.core.internal.di.InjectorImpl.inject(InjectorImpl.java:91)
	at org.eclipse.e4.core.contexts.ContextInjectionFactory.inject(ContextInjectionFactory.java:73)
	at org.eclipse.ui.internal.Workbench.createWorkbenchWindow(Workbench.java:1494)
	at org.eclipse.ui.internal.Workbench.getActiveWorkbenchWindow(Workbench.java:1468)
	at org.eclipse.ui.internal.services.WorkbenchSourceProvider.updateActiveShell(WorkbenchSourceProvider.java:907)
	at org.eclipse.ui.internal.services.WorkbenchSourceProvider.getCurrentState(WorkbenchSourceProvider.java:115)
	at org.eclipse.ui.internal.services.WorkbenchSourceProvider.lambda$2(WorkbenchSourceProvider.java:668)
	at org.eclipse.swt.widgets.EventTable.sendEvent(EventTable.java:86)
	at org.eclipse.swt.widgets.Display.filterEvent(Display.java:1271)
	at org.eclipse.swt.widgets.Widget.sendEvent(Widget.java:1078)
	at org.eclipse.swt.widgets.Widget.sendEvent(Widget.java:1103)
	at org.eclipse.swt.widgets.Widget.sendEvent(Widget.java:1088)
	at org.eclipse.swt.widgets.Decorations.WM_ACTIVATE(Decorations.java:1698)
	at org.eclipse.swt.widgets.Shell.WM_ACTIVATE(Shell.java:2277)
	at org.eclipse.swt.widgets.Control.windowProc(Control.java:4840)
	at org.eclipse.swt.widgets.Canvas.windowProc(Canvas.java:359)
	at org.eclipse.swt.widgets.Decorations.windowProc(Decorations.java:1657)
	at org.eclipse.swt.widgets.Shell.windowProc(Shell.java:2199)
	at org.eclipse.swt.widgets.Display.windowProc(Display.java:5178)
	at org.eclipse.swt.internal.win32.OS.BringWindowToTop(Native Method)
	at org.eclipse.swt.widgets.Decorations.bringToTop(Decorations.java:232)
	at org.eclipse.swt.widgets.Shell.open(Shell.java:1270)
	at org.eclipse.e4.ui.workbench.renderers.swt.WBWRenderer.postProcess(WBWRenderer.java:784)
	at org.eclipse.e4.ui.internal.workbench.swt.PartRenderingEngine.safeCreateGui(PartRenderingEngine.java:679)
	at org.eclipse.e4.ui.internal.workbench.swt.PartRenderingEngine.safeCreateGui(PartRenderingEngine.java:767)
	at org.eclipse.e4.ui.internal.workbench.swt.PartRenderingEngine.access$0(PartRenderingEngine.java:738)
	at org.eclipse.e4.ui.internal.workbench.swt.PartRenderingEngine$2.run(PartRenderingEngine.java:732)
	at org.eclipse.core.runtime.SafeRunner.run(SafeRunner.java:42)
	at org.eclipse.e4.ui.internal.workbench.swt.PartRenderingEngine.createGui(PartRenderingEngine.java:716)
	at org.eclipse.e4.ui.internal.workbench.swt.PartRenderingEngine$5.run(PartRenderingEngine.java:1076)
	at org.eclipse.core.databinding.observable.Realm.runWithDefault(Realm.java:336)
	at org.eclipse.e4.ui.internal.workbench.swt.PartRenderingEngine.run(PartRenderingEngine.java:1039)
	at org.eclipse.e4.ui.internal.workbench.E4Workbench.createAndRunUI(E4Workbench.java:153)
	at org.eclipse.ui.internal.Workbench.lambda$3(Workbench.java:680)
	at org.eclipse.core.databinding.observable.Realm.runWithDefault(Realm.java:336)
	at org.eclipse.ui.internal.Workbench.createAndRunWorkbench(Workbench.java:594)
	at org.eclipse.ui.PlatformUI.createAndRunWorkbench(PlatformUI.java:148)
	at org.eclipse.ui.internal.ide.application.IDEApplication.start(IDEApplication.java:151)
	at org.eclipse.equinox.internal.app.EclipseAppHandle.run(EclipseAppHandle.java:196)
	at org.eclipse.core.runtime.internal.adaptor.EclipseAppLauncher.runApplication(EclipseAppLauncher.java:134)
	at org.eclipse.core.runtime.internal.adaptor.EclipseAppLauncher.start(EclipseAppLauncher.java:104)
	at org.eclipse.core.runtime.adaptor.EclipseStarter.run(EclipseStarter.java:388)
	at org.eclipse.core.runtime.adaptor.EclipseStarter.run(EclipseStarter.java:243)
	at sun.reflect.NativeMethodAccessorImpl.invoke0(Native Method)
	at sun.reflect.NativeMethodAccessorImpl.invoke(Unknown Source)
	at sun.reflect.DelegatingMethodAccessorImpl.invoke(Unknown Source)
	at java.lang.reflect.Method.invoke(Unknown Source)
	at org.eclipse.equinox.launcher.Main.invokeFramework(Main.java:653)
	at org.eclipse.equinox.launcher.Main.basicRun(Main.java:590)
	at org.eclipse.equinox.launcher.Main.run(Main.java:1499)
Caused by: com.cedarsoftware.util.io.JsonIoException: EOF reached prematurely
	at com.cedarsoftware.util.io.JsonParser.error(JsonParser.java:584)
	at com.cedarsoftware.util.io.JsonParser.readValue(JsonParser.java:278)
	at com.cedarsoftware.util.io.JsonReader.readObject(JsonReader.java:521)
	... 101 more
2019-12-04 13:25:12,372  WARN [ModalContext] - ScalaProject - Project spark-example-for-scala has platform default sourceLevel.
2019-12-04 13:25:12,373  WARN [ModalContext] - ScalaProject - Project spark-example-for-scala runs on platform default installation.
2019-12-04 13:25:12,812  WARN [Worker-11] - ScalaProject - Project spark-example-for-scala has platform default sourceLevel.
2019-12-04 13:25:12,812  WARN [Worker-11] - ScalaProject - Project spark-example-for-scala runs on platform default installation.
2019-12-04 13:26:31,087  WARN [Worker-9] - ScalaProject - Project spark-example-for-scala has platform default sourceLevel.
2019-12-04 13:26:31,087  WARN [Worker-9] - ScalaProject - Project spark-example-for-scala runs on platform default installation.
2019-12-04 13:28:27,980  WARN [main] - ScalaProject - Project spark-example-for-scala has platform default sourceLevel.
2019-12-04 13:28:27,980  WARN [main] - ScalaProject - Project spark-example-for-scala runs on platform default installation.
2019-12-04 13:28:33,641  WARN [main] - ScalaProject - Project spark-example-for-scala has platform default sourceLevel.
2019-12-04 13:28:33,641  WARN [main] - ScalaProject - Project spark-example-for-scala runs on platform default installation.
2019-12-04 13:28:33,847  WARN [Worker-13] - ScalaProject - Project spark-example-for-scala has platform default sourceLevel.
2019-12-04 13:28:33,847  WARN [Worker-13] - ScalaProject - Project spark-example-for-scala runs on platform default installation.
2019-12-04 13:29:10,604  WARN [Worker-10] - ScalaProject - Project spark-example-for-scala has platform default sourceLevel.
2019-12-04 13:29:10,604  WARN [Worker-10] - ScalaProject - Project spark-example-for-scala runs on platform default installation.
2019-12-04 13:29:14,615  WARN [Worker-10] - ScalaProject - Project spark-example-for-scala has platform default sourceLevel.
2019-12-04 13:29:14,616  WARN [Worker-10] - ScalaProject - Project spark-example-for-scala runs on platform default installation.
2019-12-04 13:29:16,649  WARN [Worker-14] - ScalaProject - Project spark-example-for-scala has platform default sourceLevel.
2019-12-04 13:29:16,649  WARN [Worker-14] - ScalaProject - Project spark-example-for-scala runs on platform default installation.
2019-12-04 13:30:04,593  WARN [Worker-14] - ScalaProject - Project spark-example-for-scala has platform default sourceLevel.
2019-12-04 13:30:04,594  WARN [Worker-14] - ScalaProject - Project spark-example-for-scala runs on platform default installation.
2019-12-04 13:30:35,824  WARN [Worker-11] - ScalaProject - Project spark-example-for-scala has platform default sourceLevel.
2019-12-04 13:30:35,824  WARN [Worker-11] - ScalaProject - Project spark-example-for-scala runs on platform default installation.
2019-12-04 13:30:39,072  WARN [Worker-5] - ScalaProject - Project spark-example-for-scala has platform default sourceLevel.
2019-12-04 13:30:39,072  WARN [Worker-5] - ScalaProject - Project spark-example-for-scala runs on platform default installation.
2019-12-04 13:31:14,577  WARN [Worker-5] - ScalaProject - Project spark-example-for-scala has platform default sourceLevel.
2019-12-04 13:31:14,577  WARN [Worker-5] - ScalaProject - Project spark-example-for-scala runs on platform default installation.
2019-12-04 13:31:17,280  WARN [Worker-13] - ScalaProject - Project spark-example-for-scala has platform default sourceLevel.
2019-12-04 13:31:17,281  WARN [Worker-13] - ScalaProject - Project spark-example-for-scala runs on platform default installation.
2019-12-04 13:32:14,479  WARN [Worker-14] - ScalaProject - Project spark-example-for-scala has platform default sourceLevel.
2019-12-04 13:32:14,479  WARN [Worker-14] - ScalaProject - Project spark-example-for-scala runs on platform default installation.
2019-12-04 13:33:42,560  WARN [Worker-10] - ScalaProject - Project spark-example-for-scala has platform default sourceLevel.
2019-12-04 13:33:42,560  WARN [Worker-10] - ScalaProject - Project spark-example-for-scala runs on platform default installation.
2019-12-04 13:34:12,526  WARN [Worker-14] - ScalaProject - Project spark-example-for-scala has platform default sourceLevel.
2019-12-04 13:34:12,526  WARN [Worker-14] - ScalaProject - Project spark-example-for-scala runs on platform default installation.
2019-12-04 13:36:25,060  WARN [Worker-13] - ScalaProject - Project spark-example-for-scala has platform default sourceLevel.
2019-12-04 13:36:25,060  WARN [Worker-13] - ScalaProject - Project spark-example-for-scala runs on platform default installation.
2019-12-04 13:36:35,204  WARN [Worker-5] - ScalaProject - Project spark-example-for-scala has platform default sourceLevel.
2019-12-04 13:36:35,204  WARN [Worker-5] - ScalaProject - Project spark-example-for-scala runs on platform default installation.
2019-12-04 13:37:48,445  WARN [Worker-14] - ScalaProject - Project spark-example-for-scala has platform default sourceLevel.
2019-12-04 13:37:48,446  WARN [Worker-14] - ScalaProject - Project spark-example-for-scala runs on platform default installation.
2019-12-04 13:37:48,828  WARN [Worker-14] - ScalaProject - Project spark-example-for-scala has platform default sourceLevel.
2019-12-04 13:37:48,828  WARN [Worker-14] - ScalaProject - Project spark-example-for-scala runs on platform default installation.
2019-12-04 13:37:49,238  WARN [org.scalaide.ui.internal.reconciliation.ScalaReconciler] - ScalaProject - Project spark-example-for-scala has platform default sourceLevel.
2019-12-04 13:37:49,238  WARN [org.scalaide.ui.internal.reconciliation.ScalaReconciler] - ScalaProject - Project spark-example-for-scala runs on platform default installation.
2019-12-04 13:38:05,172  WARN [Worker-10] - ScalaProject - Project spark-example-for-scala has platform default sourceLevel.
2019-12-04 13:38:05,172  WARN [Worker-10] - ScalaProject - Project spark-example-for-scala runs on platform default installation.
2019-12-04 13:38:46,206  WARN [Worker-5] - ScalaProject - Project spark-example-for-scala has platform default sourceLevel.
2019-12-04 13:38:46,207  WARN [Worker-5] - ScalaProject - Project spark-example-for-scala runs on platform default installation.
2019-12-04 13:39:19,561  WARN [Worker-13] - ScalaProject - Project spark-example-for-scala has platform default sourceLevel.
2019-12-04 13:39:19,561  WARN [Worker-13] - ScalaProject - Project spark-example-for-scala runs on platform default installation.
2019-12-04 13:39:43,629  WARN [Worker-10] - ScalaProject - Project spark-example-for-scala has platform default sourceLevel.
2019-12-04 13:39:43,629  WARN [Worker-10] - ScalaProject - Project spark-example-for-scala runs on platform default installation.
2019-12-04 13:39:46,286  WARN [Worker-10] - ScalaProject - Project spark-example-for-scala has platform default sourceLevel.
2019-12-04 13:39:46,287  WARN [Worker-10] - ScalaProject - Project spark-example-for-scala runs on platform default installation.
2019-12-04 13:39:50,319  WARN [Worker-13] - ScalaProject - Project spark-example-for-scala has platform default sourceLevel.
2019-12-04 13:39:50,319  WARN [Worker-13] - ScalaProject - Project spark-example-for-scala runs on platform default installation.
2019-12-04 13:39:53,238  WARN [Worker-10] - ScalaProject - Project spark-example-for-scala has platform default sourceLevel.
2019-12-04 13:39:53,238  WARN [Worker-10] - ScalaProject - Project spark-example-for-scala runs on platform default installation.
2019-12-04 13:39:56,544  WARN [Worker-5] - ScalaProject - Project spark-example-for-scala has platform default sourceLevel.
2019-12-04 13:39:56,544  WARN [Worker-5] - ScalaProject - Project spark-example-for-scala runs on platform default installation.
2019-12-04 13:40:10,503  WARN [Worker-14] - ScalaProject - Project spark-example-for-scala has platform default sourceLevel.
2019-12-04 13:40:10,503  WARN [Worker-14] - ScalaProject - Project spark-example-for-scala runs on platform default installation.
2019-12-04 13:40:25,226  WARN [Worker-11] - ScalaProject - Project spark-example-for-scala has platform default sourceLevel.
2019-12-04 13:40:25,226  WARN [Worker-11] - ScalaProject - Project spark-example-for-scala runs on platform default installation.
2019-12-04 13:41:59,259  WARN [Worker-11] - ScalaProject - Project spark-example-for-scala has platform default sourceLevel.
2019-12-04 13:41:59,259  WARN [Worker-11] - ScalaProject - Project spark-example-for-scala runs on platform default installation.
2019-12-04 13:42:02,731  WARN [Worker-10] - ScalaProject - Project spark-example-for-scala has platform default sourceLevel.
2019-12-04 13:42:02,731  WARN [Worker-10] - ScalaProject - Project spark-example-for-scala runs on platform default installation.
2019-12-04 13:42:33,972  WARN [Worker-13] - ScalaProject - Project spark-example-for-scala has platform default sourceLevel.
2019-12-04 13:42:33,972  WARN [Worker-13] - ScalaProject - Project spark-example-for-scala runs on platform default installation.
2019-12-04 13:42:49,861 ERROR [Text Viewer Hover Presenter] - IScalaPresentationCompiler$ - Ignoring InterruptException
2019-12-04 13:42:49,876 ERROR [Text Viewer Hover Presenter] - IScalaPresentationCompiler$ - Ignoring InterruptException
2019-12-04 13:42:49,876 ERROR [Text Viewer Hover Presenter] - IScalaPresentationCompiler$ - Ignoring InterruptException
2019-12-04 13:42:49,876 ERROR [Text Viewer Hover Presenter] - IScalaPresentationCompiler$ - Ignoring InterruptException
2019-12-04 13:42:51,003  WARN [Worker-13] - ScalaProject - Project spark-example-for-scala has platform default sourceLevel.
2019-12-04 13:42:51,003  WARN [Worker-13] - ScalaProject - Project spark-example-for-scala runs on platform default installation.
2019-12-04 13:43:55,392  WARN [Worker-14] - ScalaProject - Project spark-example-for-scala has platform default sourceLevel.
2019-12-04 13:43:55,392  WARN [Worker-14] - ScalaProject - Project spark-example-for-scala runs on platform default installation.
2019-12-04 13:44:06,063  WARN [Worker-15] - ScalaProject - Project spark-example-for-scala has platform default sourceLevel.
2019-12-04 13:44:06,063  WARN [Worker-15] - ScalaProject - Project spark-example-for-scala runs on platform default installation.
2019-12-04 13:44:22,389  WARN [Worker-13] - ScalaProject - Project spark-example-for-scala has platform default sourceLevel.
2019-12-04 13:44:22,390  WARN [Worker-13] - ScalaProject - Project spark-example-for-scala runs on platform default installation.
2019-12-04 13:44:27,905  WARN [Worker-14] - ScalaProject - Project spark-example-for-scala has platform default sourceLevel.
2019-12-04 13:44:27,905  WARN [Worker-14] - ScalaProject - Project spark-example-for-scala runs on platform default installation.
2019-12-04 13:44:30,727  WARN [Worker-14] - ScalaProject - Project spark-example-for-scala has platform default sourceLevel.
2019-12-04 13:44:30,727  WARN [Worker-14] - ScalaProject - Project spark-example-for-scala runs on platform default installation.
2019-12-04 13:45:04,871  WARN [Worker-15] - ScalaProject - Project spark-example-for-scala has platform default sourceLevel.
2019-12-04 13:45:04,871  WARN [Worker-15] - ScalaProject - Project spark-example-for-scala runs on platform default installation.
2019-12-04 13:45:12,066  WARN [Worker-13] - ScalaProject - Project spark-example-for-scala has platform default sourceLevel.
2019-12-04 13:45:12,066  WARN [Worker-13] - ScalaProject - Project spark-example-for-scala runs on platform default installation.
2019-12-04 13:45:50,504 ERROR [Text Viewer Hover Presenter] - IScalaPresentationCompiler$ - Ignoring InterruptException
2019-12-04 13:45:50,504 ERROR [Text Viewer Hover Presenter] - IScalaPresentationCompiler$ - Ignoring InterruptException
2019-12-04 13:45:51,553  WARN [Worker-14] - ScalaProject - Project spark-example-for-scala has platform default sourceLevel.
2019-12-04 13:45:51,553  WARN [Worker-14] - ScalaProject - Project spark-example-for-scala runs on platform default installation.
2019-12-04 13:46:27,837  WARN [Worker-11] - ScalaProject - Project spark-example-for-scala has platform default sourceLevel.
2019-12-04 13:46:27,837  WARN [Worker-11] - ScalaProject - Project spark-example-for-scala runs on platform default installation.
2019-12-04 13:46:30,395  WARN [Worker-13] - ScalaProject - Project spark-example-for-scala has platform default sourceLevel.
2019-12-04 13:46:30,396  WARN [Worker-13] - ScalaProject - Project spark-example-for-scala runs on platform default installation.
2019-12-04 13:46:31,896 ERROR [Text Viewer Hover Presenter] - IScalaPresentationCompiler$ - Ignoring InterruptException
2019-12-04 13:46:31,896 ERROR [Text Viewer Hover Presenter] - IScalaPresentationCompiler$ - Ignoring InterruptException
2019-12-04 13:46:42,974  WARN [Worker-15] - ScalaProject - Project spark-example-for-scala has platform default sourceLevel.
2019-12-04 13:46:42,974  WARN [Worker-15] - ScalaProject - Project spark-example-for-scala runs on platform default installation.
2019-12-04 13:49:30,782  WARN [Worker-5] - ScalaProject - Project spark-example-for-scala has platform default sourceLevel.
2019-12-04 13:49:30,782  WARN [Worker-5] - ScalaProject - Project spark-example-for-scala runs on platform default installation.
2019-12-04 13:49:36,146  WARN [Worker-13] - ScalaProject - Project spark-example-for-scala has platform default sourceLevel.
2019-12-04 13:49:36,146  WARN [Worker-13] - ScalaProject - Project spark-example-for-scala runs on platform default installation.
2019-12-04 13:50:06,998  WARN [Worker-10] - ScalaProject - Project spark-example-for-scala has platform default sourceLevel.
2019-12-04 13:50:06,998  WARN [Worker-10] - ScalaProject - Project spark-example-for-scala runs on platform default installation.
2019-12-04 13:50:22,072 ERROR [Text Viewer Hover Presenter] - IScalaPresentationCompiler$ - Ignoring InterruptException
2019-12-04 13:50:22,072 ERROR [Text Viewer Hover Presenter] - IScalaPresentationCompiler$ - Ignoring InterruptException
2019-12-04 13:50:22,072 ERROR [Text Viewer Hover Presenter] - IScalaPresentationCompiler$ - Ignoring InterruptException
2019-12-04 13:50:23,028  WARN [Worker-5] - ScalaProject - Project spark-example-for-scala has platform default sourceLevel.
2019-12-04 13:50:23,028  WARN [Worker-5] - ScalaProject - Project spark-example-for-scala runs on platform default installation.
2019-12-04 13:51:11,621  WARN [Worker-14] - ScalaProject - Project spark-example-for-scala has platform default sourceLevel.
2019-12-04 13:51:11,621  WARN [Worker-14] - ScalaProject - Project spark-example-for-scala runs on platform default installation.
2019-12-04 13:51:21,701  WARN [Worker-11] - ScalaProject - Project spark-example-for-scala has platform default sourceLevel.
2019-12-04 13:51:21,701  WARN [Worker-11] - ScalaProject - Project spark-example-for-scala runs on platform default installation.
2019-12-04 13:52:28,472  WARN [Worker-15] - ScalaProject - Project spark-example-for-scala has platform default sourceLevel.
2019-12-04 13:52:28,472  WARN [Worker-15] - ScalaProject - Project spark-example-for-scala runs on platform default installation.
2019-12-04 13:52:55,032  WARN [Worker-11] - ScalaProject - Project spark-example-for-scala has platform default sourceLevel.
2019-12-04 13:52:55,032  WARN [Worker-11] - ScalaProject - Project spark-example-for-scala runs on platform default installation.
2019-12-04 13:56:25,953  WARN [Worker-18] - ScalaProject - Project spark-example-for-scala has platform default sourceLevel.
2019-12-04 13:56:25,953  WARN [Worker-18] - ScalaProject - Project spark-example-for-scala runs on platform default installation.
2019-12-04 13:58:11,898  WARN [Worker-20] - ScalaProject - Project spark-example-for-scala has platform default sourceLevel.
2019-12-04 13:58:11,898  WARN [Worker-20] - ScalaProject - Project spark-example-for-scala runs on platform default installation.
2019-12-04 13:58:17,817  WARN [Worker-20] - ScalaProject - Project spark-example-for-scala has platform default sourceLevel.
2019-12-04 13:58:17,817  WARN [Worker-20] - ScalaProject - Project spark-example-for-scala runs on platform default installation.
2019-12-04 13:58:23,128  WARN [Worker-18] - ScalaProject - Project spark-example-for-scala has platform default sourceLevel.
2019-12-04 13:58:23,128  WARN [Worker-18] - ScalaProject - Project spark-example-for-scala runs on platform default installation.
2019-12-04 14:00:46,875  WARN [Worker-21] - ScalaProject - Project spark-example-for-scala has platform default sourceLevel.
2019-12-04 14:00:46,875  WARN [Worker-21] - ScalaProject - Project spark-example-for-scala runs on platform default installation.
2019-12-04 14:00:49,729  WARN [Worker-18] - ScalaProject - Project spark-example-for-scala has platform default sourceLevel.
2019-12-04 14:00:49,729  WARN [Worker-18] - ScalaProject - Project spark-example-for-scala runs on platform default installation.
2019-12-04 14:01:41,243  WARN [Worker-22] - ScalaProject - Project spark-example-for-scala has platform default sourceLevel.
2019-12-04 14:01:41,243  WARN [Worker-22] - ScalaProject - Project spark-example-for-scala runs on platform default installation.
2019-12-04 14:02:46,879  WARN [Worker-21] - ScalaProject - Project spark-example-for-scala has platform default sourceLevel.
2019-12-04 14:02:46,879  WARN [Worker-21] - ScalaProject - Project spark-example-for-scala runs on platform default installation.
2019-12-04 14:03:18,198  WARN [Worker-22] - ScalaProject - Project spark-example-for-scala has platform default sourceLevel.
2019-12-04 14:03:18,198  WARN [Worker-22] - ScalaProject - Project spark-example-for-scala runs on platform default installation.
2019-12-04 14:03:27,610  WARN [Worker-14] - ScalaProject - Project spark-example-for-scala has platform default sourceLevel.
2019-12-04 14:03:27,610  WARN [Worker-14] - ScalaProject - Project spark-example-for-scala runs on platform default installation.
2019-12-04 14:03:30,469  WARN [Worker-14] - ScalaProject - Project spark-example-for-scala has platform default sourceLevel.
2019-12-04 14:03:30,469  WARN [Worker-14] - ScalaProject - Project spark-example-for-scala runs on platform default installation.
2019-12-04 14:03:33,344  WARN [Worker-18] - ScalaProject - Project spark-example-for-scala has platform default sourceLevel.
2019-12-04 14:03:33,344  WARN [Worker-18] - ScalaProject - Project spark-example-for-scala runs on platform default installation.
2019-12-04 14:17:23,592  WARN [Worker-26] - ScalaProject - Project spark-example-for-scala has platform default sourceLevel.
2019-12-04 14:17:23,592  WARN [Worker-26] - ScalaProject - Project spark-example-for-scala runs on platform default installation.
2019-12-04 14:17:29,843  WARN [Worker-26] - ScalaProject - Project spark-example-for-scala has platform default sourceLevel.
2019-12-04 14:17:29,843  WARN [Worker-26] - ScalaProject - Project spark-example-for-scala runs on platform default installation.
2019-12-04 14:17:38,316  WARN [Worker-25] - ScalaProject - Project spark-example-for-scala has platform default sourceLevel.
2019-12-04 14:17:38,316  WARN [Worker-25] - ScalaProject - Project spark-example-for-scala runs on platform default installation.
2019-12-04 14:21:14,653  WARN [Worker-26] - ScalaProject - Project spark-example-for-scala has platform default sourceLevel.
2019-12-04 14:21:14,653  WARN [Worker-26] - ScalaProject - Project spark-example-for-scala runs on platform default installation.
2019-12-04 14:21:17,658  WARN [Worker-26] - ScalaProject - Project spark-example-for-scala has platform default sourceLevel.
2019-12-04 14:21:17,658  WARN [Worker-26] - ScalaProject - Project spark-example-for-scala runs on platform default installation.
2019-12-04 14:21:20,646  WARN [Worker-25] - ScalaProject - Project spark-example-for-scala has platform default sourceLevel.
2019-12-04 14:21:20,647  WARN [Worker-25] - ScalaProject - Project spark-example-for-scala runs on platform default installation.
2019-12-04 14:21:36,259 ERROR [Text Viewer Hover Presenter] - IScalaPresentationCompiler$ - Ignoring InterruptException
2019-12-04 14:21:36,260 ERROR [Text Viewer Hover Presenter] - IScalaPresentationCompiler$ - Ignoring InterruptException
2019-12-04 14:21:36,260 ERROR [Text Viewer Hover Presenter] - IScalaPresentationCompiler$ - Ignoring InterruptException
2019-12-04 14:21:46,668  WARN [Worker-26] - ScalaProject - Project spark-example-for-scala has platform default sourceLevel.
2019-12-04 14:21:46,668  WARN [Worker-26] - ScalaProject - Project spark-example-for-scala runs on platform default installation.
2019-12-04 14:21:49,646  WARN [Worker-23] - ScalaProject - Project spark-example-for-scala has platform default sourceLevel.
2019-12-04 14:21:49,647  WARN [Worker-23] - ScalaProject - Project spark-example-for-scala runs on platform default installation.
2019-12-04 14:22:50,583  WARN [Worker-25] - ScalaProject - Project spark-example-for-scala has platform default sourceLevel.
2019-12-04 14:22:50,584  WARN [Worker-25] - ScalaProject - Project spark-example-for-scala runs on platform default installation.
2019-12-04 14:35:38,133  WARN [Worker-25] - ScalaProject - Project spark-example-for-scala has platform default sourceLevel.
2019-12-04 14:35:38,133  WARN [Worker-25] - ScalaProject - Project spark-example-for-scala runs on platform default installation.
2019-12-04 14:35:38,291  WARN [Worker-31] - ScalaProject - Project spark-example-for-scala has platform default sourceLevel.
2019-12-04 14:35:38,291  WARN [Worker-31] - ScalaProject - Project spark-example-for-scala runs on platform default installation.
2019-12-04 14:35:39,584  WARN [org.scalaide.ui.internal.reconciliation.ScalaReconciler] - ScalaProject - Project spark-example-for-scala has platform default sourceLevel.
2019-12-04 14:35:39,584  WARN [org.scalaide.ui.internal.reconciliation.ScalaReconciler] - ScalaProject - Project spark-example-for-scala runs on platform default installation.
2019-12-04 14:35:54,434  WARN [Worker-25] - ScalaProject - Project spark-example-for-scala has platform default sourceLevel.
2019-12-04 14:35:54,434  WARN [Worker-25] - ScalaProject - Project spark-example-for-scala runs on platform default installation.
2019-12-04 14:35:54,567  WARN [Worker-25] - ScalaProject - Project spark-example-for-scala has platform default sourceLevel.
2019-12-04 14:35:54,567  WARN [Worker-25] - ScalaProject - Project spark-example-for-scala runs on platform default installation.
2019-12-04 14:35:56,288  WARN [org.scalaide.ui.internal.reconciliation.ScalaReconciler] - ScalaProject - Project spark-example-for-scala has platform default sourceLevel.
2019-12-04 14:35:56,288  WARN [org.scalaide.ui.internal.reconciliation.ScalaReconciler] - ScalaProject - Project spark-example-for-scala runs on platform default installation.
2019-12-04 14:37:12,443  WARN [ModalContext] - ScalaProject - Project spark-example-with-scala has platform default sourceLevel.
2019-12-04 14:37:12,443  WARN [ModalContext] - ScalaProject - Project spark-example-with-scala runs on platform default installation.
2019-12-04 14:37:12,474  WARN [ModalContext] - ScalaProject - Project spark-example-with-scala has platform default sourceLevel.
2019-12-04 14:37:12,474  WARN [ModalContext] - ScalaProject - Project spark-example-with-scala runs on platform default installation.
2019-12-04 14:37:14,277  WARN [Worker-25] - ScalaProject - Project spark-example-with-scala has platform default sourceLevel.
2019-12-04 14:37:14,277  WARN [Worker-25] - ScalaProject - Project spark-example-with-scala runs on platform default installation.
2019-12-04 14:37:14,282  WARN [Worker-25] - ScalaProject - Project spark-example-with-scala has platform default sourceLevel.
2019-12-04 14:37:14,282  WARN [Worker-25] - ScalaProject - Project spark-example-with-scala runs on platform default installation.
2019-12-04 14:38:00,811  WARN [ModalContext] - ScalaProject - Project spark-with-scala has platform default sourceLevel.
2019-12-04 14:38:00,811  WARN [ModalContext] - ScalaProject - Project spark-with-scala runs on platform default installation.
2019-12-04 14:38:00,826  WARN [ModalContext] - ScalaProject - Project spark-with-scala has platform default sourceLevel.
2019-12-04 14:38:00,826  WARN [ModalContext] - ScalaProject - Project spark-with-scala runs on platform default installation.
2019-12-04 14:38:02,128  WARN [Worker-36] - ScalaProject - Project spark-with-scala has platform default sourceLevel.
2019-12-04 14:38:02,128  WARN [Worker-36] - ScalaProject - Project spark-with-scala runs on platform default installation.
2019-12-04 14:38:02,133  WARN [Worker-36] - ScalaProject - Project spark-with-scala has platform default sourceLevel.
2019-12-04 14:38:02,133  WARN [Worker-36] - ScalaProject - Project spark-with-scala runs on platform default installation.
2019-12-04 14:38:31,060  WARN [Worker-35] - ScalaProject - Project spark-with-scala has platform default sourceLevel.
2019-12-04 14:38:31,060  WARN [Worker-35] - ScalaProject - Project spark-with-scala runs on platform default installation.
2019-12-04 14:39:11,662  WARN [Text Viewer Hover Presenter] - ScalaProject - Project spark-example-with-scala has platform default sourceLevel.
2019-12-04 14:39:11,663  WARN [Text Viewer Hover Presenter] - ScalaProject - Project spark-example-with-scala runs on platform default installation.
2019-12-04 14:39:11,665  WARN [Text Viewer Hover Presenter] - ScalaProject - Project spark-example-with-scala has platform default sourceLevel.
2019-12-04 14:39:11,665  WARN [Text Viewer Hover Presenter] - ScalaProject - Project spark-example-with-scala runs on platform default installation.
2019-12-04 14:39:11,670 ERROR [main] - org.scala-ide.sdt.core - org.scala-ide.sdt.core - org.scala-ide.sdt.core - 0 - Error thrown while initializing the presentation compiler.
Java Model Exception: Java Model Status [spark-example-with-scala does not exist]
	at org.eclipse.jdt.internal.core.JavaElement.newNotPresentException(JavaElement.java:556)
	at org.eclipse.jdt.internal.core.JavaModelManager.getPerProjectInfoCheckExistence(JavaModelManager.java:2451)
	at org.eclipse.jdt.internal.core.JavaProject.getPerProjectInfo(JavaProject.java:1903)
	at org.eclipse.jdt.internal.core.JavaProject.getRawClasspath(JavaProject.java:1925)
	at org.scalaide.core.internal.project.ClasspathManagement.jdkPaths(ClasspathManagement.scala:149)
	at org.scalaide.core.internal.project.ClasspathManagement.jdkPaths$(ClasspathManagement.scala:148)
	at org.scalaide.core.internal.project.ScalaProject.jdkPaths(ScalaProject.scala:150)
	at org.scalaide.core.internal.project.ClasspathManagement.scalaClasspath(ClasspathManagement.scala:136)
	at org.scalaide.core.internal.project.ClasspathManagement.scalaClasspath$(ClasspathManagement.scala:135)
	at org.scalaide.core.internal.project.ScalaProject.scalaClasspath(ScalaProject.scala:150)
	at org.scalaide.core.internal.project.ScalaProject.setupCompilerClasspath(ScalaProject.scala:498)
	at org.scalaide.core.internal.project.ScalaProject.initializeCompilerSettings(ScalaProject.scala:485)
	at org.scalaide.core.internal.project.ScalaProject.prepareCompilerSettings(ScalaProject.scala:438)
	at org.scalaide.core.internal.project.ScalaProject.$anonfun$presentationCompiler$1(ScalaProject.scala:162)
	at org.scalaide.core.internal.compiler.PresentationCompilerProxy.liftedTree1$1(PresentationCompilerProxy.scala:154)
	at org.scalaide.core.internal.compiler.PresentationCompilerProxy.create(PresentationCompilerProxy.scala:153)
	at org.scalaide.core.internal.compiler.PresentationCompilerProxy.initialize(PresentationCompilerProxy.scala:118)
	at org.scalaide.core.internal.compiler.PresentationCompilerProxy.obtainPc$1(PresentationCompilerProxy.scala:80)
	at org.scalaide.core.internal.compiler.PresentationCompilerProxy.internal(PresentationCompilerProxy.scala:100)
	at org.scalaide.core.internal.compiler.PresentationCompilerProxy.apply(PresentationCompilerProxy.scala:58)
	at org.scalaide.core.compiler.InteractiveCompilationUnit.withSourceFile(InteractiveCompilationUnit.scala:201)
	at org.scalaide.core.compiler.InteractiveCompilationUnit.withSourceFile$(InteractiveCompilationUnit.scala:200)
	at org.scalaide.core.internal.jdt.model.ScalaSourceFile.withSourceFile(ScalaSourceFile.scala:71)
	at org.scalaide.debug.internal.editor.TextHoverFactory$$anon$1.$anonfun$getHoverInfo2$1(TextHoverFactory.scala:38)
	at scala.Option.map(Option.scala:146)
	at org.scalaide.debug.internal.editor.TextHoverFactory$$anon$1.getHoverInfo2(TextHoverFactory.scala:37)
	at org.eclipse.jface.text.TextViewerHoverManager$4.run(TextViewerHoverManager.java:166)
2019-12-04 14:39:11,674 ERROR [main] - org.scala-ide.sdt.core - org.scala-ide.sdt.core - org.scala-ide.sdt.core - 0 - Error thrown while initializing the presentation compiler.
Java Model Exception: Java Model Status [spark-example-with-scala does not exist]
	at org.eclipse.jdt.internal.core.JavaElement.newNotPresentException(JavaElement.java:556)
	at org.eclipse.jdt.internal.core.JavaModelManager.getPerProjectInfoCheckExistence(JavaModelManager.java:2451)
	at org.eclipse.jdt.internal.core.JavaProject.getPerProjectInfo(JavaProject.java:1903)
	at org.eclipse.jdt.internal.core.JavaProject.getRawClasspath(JavaProject.java:1925)
	at org.scalaide.core.internal.project.ClasspathManagement.jdkPaths(ClasspathManagement.scala:149)
	at org.scalaide.core.internal.project.ClasspathManagement.jdkPaths$(ClasspathManagement.scala:148)
	at org.scalaide.core.internal.project.ScalaProject.jdkPaths(ScalaProject.scala:150)
	at org.scalaide.core.internal.project.ClasspathManagement.scalaClasspath(ClasspathManagement.scala:136)
	at org.scalaide.core.internal.project.ClasspathManagement.scalaClasspath$(ClasspathManagement.scala:135)
	at org.scalaide.core.internal.project.ScalaProject.scalaClasspath(ScalaProject.scala:150)
	at org.scalaide.core.internal.project.ScalaProject.setupCompilerClasspath(ScalaProject.scala:498)
	at org.scalaide.core.internal.project.ScalaProject.initializeCompilerSettings(ScalaProject.scala:485)
	at org.scalaide.core.internal.project.ScalaProject.prepareCompilerSettings(ScalaProject.scala:438)
	at org.scalaide.core.internal.project.ScalaProject.$anonfun$presentationCompiler$1(ScalaProject.scala:162)
	at org.scalaide.core.internal.compiler.PresentationCompilerProxy.liftedTree1$1(PresentationCompilerProxy.scala:154)
	at org.scalaide.core.internal.compiler.PresentationCompilerProxy.create(PresentationCompilerProxy.scala:153)
	at org.scalaide.core.internal.compiler.PresentationCompilerProxy.initialize(PresentationCompilerProxy.scala:118)
	at org.scalaide.core.internal.compiler.PresentationCompilerProxy.obtainPc$1(PresentationCompilerProxy.scala:80)
	at org.scalaide.core.internal.compiler.PresentationCompilerProxy.internal(PresentationCompilerProxy.scala:100)
	at org.scalaide.core.internal.compiler.PresentationCompilerProxy.apply(PresentationCompilerProxy.scala:58)
	at org.scalaide.core.compiler.InteractiveCompilationUnit.withSourceFile(InteractiveCompilationUnit.scala:201)
	at org.scalaide.core.compiler.InteractiveCompilationUnit.withSourceFile$(InteractiveCompilationUnit.scala:200)
	at org.scalaide.core.internal.jdt.model.ScalaSourceFile.withSourceFile(ScalaSourceFile.scala:71)
	at org.scalaide.ui.internal.editor.hover.ScalaHoverImpl.$anonfun$getHoverInfo2$1(ScalaHoverImpl.scala:103)
	at scala.Option.map(Option.scala:146)
	at org.scalaide.ui.internal.editor.hover.ScalaHoverImpl.getHoverInfo2(ScalaHoverImpl.scala:101)
	at org.scalaide.debug.internal.editor.TextHoverFactory$$anon$1.super$getHoverInfo2(TextHoverFactory.scala:53)
	at org.scalaide.debug.internal.editor.TextHoverFactory$$anon$1.$anonfun$getHoverInfo2$6(TextHoverFactory.scala:53)
	at scala.Option.getOrElse(Option.scala:121)
	at org.scalaide.debug.internal.editor.TextHoverFactory$$anon$1.$anonfun$getHoverInfo2$1(TextHoverFactory.scala:51)
	at scala.Option.map(Option.scala:146)
	at org.scalaide.debug.internal.editor.TextHoverFactory$$anon$1.getHoverInfo2(TextHoverFactory.scala:37)
	at org.eclipse.jface.text.TextViewerHoverManager$4.run(TextViewerHoverManager.java:166)
2019-12-04 14:39:13,863  WARN [Text Viewer Hover Presenter] - ScalaProject - Project spark-example-with-scala has platform default sourceLevel.
2019-12-04 14:39:13,864  WARN [Text Viewer Hover Presenter] - ScalaProject - Project spark-example-with-scala runs on platform default installation.
2019-12-04 14:39:13,865  WARN [Text Viewer Hover Presenter] - ScalaProject - Project spark-example-with-scala has platform default sourceLevel.
2019-12-04 14:39:13,866  WARN [Text Viewer Hover Presenter] - ScalaProject - Project spark-example-with-scala runs on platform default installation.
2019-12-04 14:39:13,868 ERROR [main] - org.scala-ide.sdt.core - org.scala-ide.sdt.core - org.scala-ide.sdt.core - 0 - Error thrown while initializing the presentation compiler.
Java Model Exception: Java Model Status [spark-example-with-scala does not exist]
	at org.eclipse.jdt.internal.core.JavaElement.newNotPresentException(JavaElement.java:556)
	at org.eclipse.jdt.internal.core.JavaModelManager.getPerProjectInfoCheckExistence(JavaModelManager.java:2451)
	at org.eclipse.jdt.internal.core.JavaProject.getPerProjectInfo(JavaProject.java:1903)
	at org.eclipse.jdt.internal.core.JavaProject.getRawClasspath(JavaProject.java:1925)
	at org.scalaide.core.internal.project.ClasspathManagement.jdkPaths(ClasspathManagement.scala:149)
	at org.scalaide.core.internal.project.ClasspathManagement.jdkPaths$(ClasspathManagement.scala:148)
	at org.scalaide.core.internal.project.ScalaProject.jdkPaths(ScalaProject.scala:150)
	at org.scalaide.core.internal.project.ClasspathManagement.scalaClasspath(ClasspathManagement.scala:136)
	at org.scalaide.core.internal.project.ClasspathManagement.scalaClasspath$(ClasspathManagement.scala:135)
	at org.scalaide.core.internal.project.ScalaProject.scalaClasspath(ScalaProject.scala:150)
	at org.scalaide.core.internal.project.ScalaProject.setupCompilerClasspath(ScalaProject.scala:498)
	at org.scalaide.core.internal.project.ScalaProject.initializeCompilerSettings(ScalaProject.scala:485)
	at org.scalaide.core.internal.project.ScalaProject.prepareCompilerSettings(ScalaProject.scala:438)
	at org.scalaide.core.internal.project.ScalaProject.$anonfun$presentationCompiler$1(ScalaProject.scala:162)
	at org.scalaide.core.internal.compiler.PresentationCompilerProxy.liftedTree1$1(PresentationCompilerProxy.scala:154)
	at org.scalaide.core.internal.compiler.PresentationCompilerProxy.create(PresentationCompilerProxy.scala:153)
	at org.scalaide.core.internal.compiler.PresentationCompilerProxy.initialize(PresentationCompilerProxy.scala:118)
	at org.scalaide.core.internal.compiler.PresentationCompilerProxy.obtainPc$1(PresentationCompilerProxy.scala:80)
	at org.scalaide.core.internal.compiler.PresentationCompilerProxy.internal(PresentationCompilerProxy.scala:100)
	at org.scalaide.core.internal.compiler.PresentationCompilerProxy.apply(PresentationCompilerProxy.scala:58)
	at org.scalaide.core.compiler.InteractiveCompilationUnit.withSourceFile(InteractiveCompilationUnit.scala:201)
	at org.scalaide.core.compiler.InteractiveCompilationUnit.withSourceFile$(InteractiveCompilationUnit.scala:200)
	at org.scalaide.core.internal.jdt.model.ScalaSourceFile.withSourceFile(ScalaSourceFile.scala:71)
	at org.scalaide.debug.internal.editor.TextHoverFactory$$anon$1.$anonfun$getHoverInfo2$1(TextHoverFactory.scala:38)
	at scala.Option.map(Option.scala:146)
	at org.scalaide.debug.internal.editor.TextHoverFactory$$anon$1.getHoverInfo2(TextHoverFactory.scala:37)
	at org.eclipse.jface.text.TextViewerHoverManager$4.run(TextViewerHoverManager.java:166)
2019-12-04 14:39:13,871 ERROR [main] - org.scala-ide.sdt.core - org.scala-ide.sdt.core - org.scala-ide.sdt.core - 0 - Error thrown while initializing the presentation compiler.
Java Model Exception: Java Model Status [spark-example-with-scala does not exist]
	at org.eclipse.jdt.internal.core.JavaElement.newNotPresentException(JavaElement.java:556)
	at org.eclipse.jdt.internal.core.JavaModelManager.getPerProjectInfoCheckExistence(JavaModelManager.java:2451)
	at org.eclipse.jdt.internal.core.JavaProject.getPerProjectInfo(JavaProject.java:1903)
	at org.eclipse.jdt.internal.core.JavaProject.getRawClasspath(JavaProject.java:1925)
	at org.scalaide.core.internal.project.ClasspathManagement.jdkPaths(ClasspathManagement.scala:149)
	at org.scalaide.core.internal.project.ClasspathManagement.jdkPaths$(ClasspathManagement.scala:148)
	at org.scalaide.core.internal.project.ScalaProject.jdkPaths(ScalaProject.scala:150)
	at org.scalaide.core.internal.project.ClasspathManagement.scalaClasspath(ClasspathManagement.scala:136)
	at org.scalaide.core.internal.project.ClasspathManagement.scalaClasspath$(ClasspathManagement.scala:135)
	at org.scalaide.core.internal.project.ScalaProject.scalaClasspath(ScalaProject.scala:150)
	at org.scalaide.core.internal.project.ScalaProject.setupCompilerClasspath(ScalaProject.scala:498)
	at org.scalaide.core.internal.project.ScalaProject.initializeCompilerSettings(ScalaProject.scala:485)
	at org.scalaide.core.internal.project.ScalaProject.prepareCompilerSettings(ScalaProject.scala:438)
	at org.scalaide.core.internal.project.ScalaProject.$anonfun$presentationCompiler$1(ScalaProject.scala:162)
	at org.scalaide.core.internal.compiler.PresentationCompilerProxy.liftedTree1$1(PresentationCompilerProxy.scala:154)
	at org.scalaide.core.internal.compiler.PresentationCompilerProxy.create(PresentationCompilerProxy.scala:153)
	at org.scalaide.core.internal.compiler.PresentationCompilerProxy.initialize(PresentationCompilerProxy.scala:118)
	at org.scalaide.core.internal.compiler.PresentationCompilerProxy.obtainPc$1(PresentationCompilerProxy.scala:80)
	at org.scalaide.core.internal.compiler.PresentationCompilerProxy.internal(PresentationCompilerProxy.scala:100)
	at org.scalaide.core.internal.compiler.PresentationCompilerProxy.apply(PresentationCompilerProxy.scala:58)
	at org.scalaide.core.compiler.InteractiveCompilationUnit.withSourceFile(InteractiveCompilationUnit.scala:201)
	at org.scalaide.core.compiler.InteractiveCompilationUnit.withSourceFile$(InteractiveCompilationUnit.scala:200)
	at org.scalaide.core.internal.jdt.model.ScalaSourceFile.withSourceFile(ScalaSourceFile.scala:71)
	at org.scalaide.ui.internal.editor.hover.ScalaHoverImpl.$anonfun$getHoverInfo2$1(ScalaHoverImpl.scala:103)
	at scala.Option.map(Option.scala:146)
	at org.scalaide.ui.internal.editor.hover.ScalaHoverImpl.getHoverInfo2(ScalaHoverImpl.scala:101)
	at org.scalaide.debug.internal.editor.TextHoverFactory$$anon$1.super$getHoverInfo2(TextHoverFactory.scala:53)
	at org.scalaide.debug.internal.editor.TextHoverFactory$$anon$1.$anonfun$getHoverInfo2$6(TextHoverFactory.scala:53)
	at scala.Option.getOrElse(Option.scala:121)
	at org.scalaide.debug.internal.editor.TextHoverFactory$$anon$1.$anonfun$getHoverInfo2$1(TextHoverFactory.scala:51)
	at scala.Option.map(Option.scala:146)
	at org.scalaide.debug.internal.editor.TextHoverFactory$$anon$1.getHoverInfo2(TextHoverFactory.scala:37)
	at org.eclipse.jface.text.TextViewerHoverManager$4.run(TextViewerHoverManager.java:166)
2019-12-04 15:50:34,916  WARN [Worker-52] - ScalaProject - Project spark-with-scala has platform default sourceLevel.
2019-12-04 15:50:34,917  WARN [Worker-52] - ScalaProject - Project spark-with-scala runs on platform default installation.
